<?xml version="1.0" encoding="UTF-8"?>
<!-- Generated by org.testng.reporters.JUnitXMLReporter -->
<testsuite ignored="2" hostname="LAP00207" failures="2" tests="4" name="Test" time="25.548" errors="0" timestamp="2023-11-07T16:04:24 IST">
  <testcase classname="com.framework.Tests.PlaybookCreation" name="pbTcT1" time="16.085"/>
  <testcase classname="com.framework.Tests.SideNavTest" name="snTc01" time="0.001">
    <failure type="java.lang.NullPointerException" message="Cannot invoke &amp;quot;org.openqa.selenium.WebDriver.findElement(org.openqa.selenium.By)&amp;quot; because &amp;quot;driver&amp;quot; is null">
      <![CDATA[java.lang.NullPointerException: Cannot invoke "org.openqa.selenium.WebDriver.findElement(org.openqa.selenium.By)" because "driver" is null
at com.framework.Pages.SideNav.<init>(SideNav.java:20)
at com.framework.Tests.SideNavTest.snTc01(SideNavTest.java:25)
at java.base/java.util.ArrayList.forEach(ArrayList.java:1511)
... Removed 27 stack frames]]>
    </failure>
  </testcase> <!-- snTc01 -->
  <testcase classname="com.framework.Tests.SideNavTest" name="snTc02" time="0.001">
    <failure type="java.lang.NullPointerException" message="Cannot invoke &amp;quot;org.openqa.selenium.WebDriver.findElement(org.openqa.selenium.By)&amp;quot; because &amp;quot;driver&amp;quot; is null">
      <![CDATA[java.lang.NullPointerException: Cannot invoke "org.openqa.selenium.WebDriver.findElement(org.openqa.selenium.By)" because "driver" is null
at com.framework.Pages.SideNav.<init>(SideNav.java:20)
at com.framework.Tests.SideNavTest.snTc02(SideNavTest.java:52)
at java.base/java.util.ArrayList.forEach(ArrayList.java:1511)
... Removed 27 stack frames]]>
    </failure>
  </testcase> <!-- snTc02 -->
  <testcase classname="com.framework.Tests.SideNavTest" name="snTc03" time="0.001"/>
  <testcase classname="com.framework.BaseClass.BaseTest" name="@BeforeTest setUp" time="0.0">
    <ignored/>
  </testcase> <!-- @BeforeTest setUp -->
  <testcase classname="com.framework.BaseClass.BaseTest" name="@AfterTest tearDown" time="0.0">
    <ignored/>
  </testcase> <!-- @AfterTest tearDown -->
</testsuite> <!-- Test -->
